2025-09-23 13:20:26,195 - pyrogram_bot - INFO - 🚀 Pyrogram Console Manager запущен!
2025-09-23 13:20:26,195 - pyrogram_bot - INFO - 📝 Введите 'help' для просмотра команд
2025-09-23 13:21:12,839 - pyrogram_bot - INFO - ✅ Клиент запущен
2025-09-23 13:21:20,228 - pyrogram_bot - INFO - 🤖 Основная функция бота запущена
2025-09-23 13:21:20,228 - pyrogram_bot - INFO - Найденные чаты для рассылки:
2025-09-23 13:21:20,627 - pyrogram_bot - INFO - Взаимные подписки ❤️ Реакции Пиар тг вп
2025-09-23 13:21:21,640 - pyrogram_bot - INFO - Взаимные подписки - реакции
2025-09-23 13:21:22,628 - pyrogram_bot - INFO - Взаимная подписка 💘 подписки
2025-09-23 13:21:23,636 - pyrogram_bot - INFO - Взаимная подписка 🐾 реакции
2025-09-23 13:21:24,646 - pyrogram_bot - INFO - Взаимные Подписки🩷Рефералы
2025-09-23 13:21:25,647 - pyrogram_bot - INFO - Взаимные подписки 💙 Пиар реакции
2025-09-23 13:21:26,650 - pyrogram_bot - INFO - Взаимные подписки 🩷 реакции • взаимная
2025-09-23 13:21:27,668 - pyrogram_bot - INFO - ВЗАИМНЫЕ ПОДПИСКИ💞 РЕАКЦИИ
2025-09-23 13:21:28,675 - pyrogram_bot - INFO - Взаимные подписки реакции пиар
2025-09-23 13:21:29,688 - pyrogram_bot - INFO - Чат взаимный пиар
2025-09-23 13:21:30,697 - pyrogram_bot - INFO - 🥕🥕🥕
2025-09-23 13:21:32,738 - pyrogram_bot - INFO - Взаимные Подписки | Пиар | Реакции
2025-09-23 13:21:34,878 - pyrogram_bot - INFO - 🤖 Запуск основной функции бота...
2025-09-23 13:21:36,421 - pyrogram_bot - ERROR - ❌ Неверный аргумент: (('Invalid Arguments passed',), ValueError('Invalid Arguments passed'))
2025-09-23 13:21:37,998 - pyrogram_bot - ERROR - ❌ Неверный аргумент: (('Invalid Arguments passed',), ValueError('Invalid Arguments passed'))
2025-09-23 13:21:40,013 - pyrogram_bot - ERROR - ❌ Неверный аргумент: (('Invalid Arguments passed',), ValueError('Invalid Arguments passed'))
2025-09-23 13:21:42,050 - pyrogram_bot - ERROR - ❌ Неверный аргумент: (('Invalid Arguments passed',), ValueError('Invalid Arguments passed'))
2025-09-23 13:21:42,469 - pyrogram_bot - INFO - Задачи отменены
2025-09-23 13:21:42,496 - pyrogram_bot - INFO - ✅ Клиент остановлен
2025-09-23 13:21:42,498 - pyrogram_bot - INFO - 🛑 Бот остановлен по команде
